<?xml version="1.0" encoding="UTF-8"?>
<!-- Generated by org.testng.reporters.JUnitReportReporter -->
<testsuite hostname="QT-INNO-LT1384" failures="0" tests="2" name="TestNGClass.Test2" time="0.007" errors="0" timestamp="2022-03-25T16:29:36 IST" skipped="0">
  <testcase classname="TestNGClass.Test2" name="bf1" time="0.006"/>
  <system-out/>
  <testcase classname="TestNGClass.Test2" name="af" time="0.001"/>
  <system-out/>
</testsuite> <!-- TestNGClass.Test2 -->
