<?xml version="1.0" encoding="UTF-8"?>
<!-- Generated by org.testng.reporters.JUnitReportReporter -->
<testsuite hostname="QT-INNO-LT1384" failures="0" tests="1" name="TestNGClass.SecondTest" time="0.032" errors="0" timestamp="2022-05-10T15:03:34 IST" skipped="0">
  <testcase classname="TestNGClass.SecondTest" name="verifyHomepageTitle" time="0.032"/>
  <system-out/>
</testsuite> <!-- TestNGClass.SecondTest -->
