<?xml version="1.0" encoding="UTF-8"?>
<!-- Generated by org.testng.reporters.JUnitReportReporter -->
<testsuite hostname="QT-INNO-LT1384" failures="0" tests="1" name="TestNGClass.Test1" time="8.864" errors="0" timestamp="2022-03-25T15:51:50 IST" skipped="0">
  <testcase classname="TestNGClass.Test1" name="f" time="8.864"/>
  <system-out/>
</testsuite> <!-- TestNGClass.Test1 -->
